<?xml version="1.0" encoding="UTF-8"?>
<testng-results skipped="0" failed="0" ignored="0" total="1" passed="1">
  <reporter-output>
  </reporter-output>
  <suite name="Orange HRM" duration-ms="7472" started-at="2021-12-30T12:57:01 IST" finished-at="2021-12-30T12:57:08 IST">
    <groups>
    </groups>
    <test name="Login test" duration-ms="7472" started-at="2021-12-30T12:57:01 IST" finished-at="2021-12-30T12:57:08 IST">
      <class name="com.hrm.testcases.TestCases">
        <test-method status="PASS" signature="setup()[pri:0, instance:com.hrm.testcases.TestCases@77a57272]" name="setup" is-config="true" duration-ms="15042" started-at="2021-12-30T12:56:46 IST" finished-at="2021-12-30T12:57:01 IST">
          <reporter-output>
          </reporter-output>
        </test-method> <!-- setup -->
        <test-method status="PASS" signature="loginpage()[pri:0, instance:com.hrm.testcases.TestCases@77a57272]" name="loginpage" duration-ms="7325" started-at="2021-12-30T12:57:01 IST" finished-at="2021-12-30T12:57:08 IST">
          <reporter-output>
          </reporter-output>
        </test-method> <!-- loginpage -->
        <test-method status="PASS" signature="teardown()[pri:0, instance:com.hrm.testcases.TestCases@77a57272]" name="teardown" is-config="true" duration-ms="669" started-at="2021-12-30T12:57:09 IST" finished-at="2021-12-30T12:57:10 IST">
          <reporter-output>
          </reporter-output>
        </test-method> <!-- teardown -->
      </class> <!-- com.hrm.testcases.TestCases -->
    </test> <!-- Login test -->
  </suite> <!-- Orange HRM -->
</testng-results>
