<?xml version="1.0" encoding="UTF-8"?>
<testng-results ignored="0" total="1" passed="1" failed="0" skipped="0">
  <reporter-output>
  </reporter-output>
  <suite started-at="2021-12-30T15:29:53 IST" name="Orange HRM" finished-at="2021-12-30T15:29:59 IST" duration-ms="5776">
    <groups>
    </groups>
    <test started-at="2021-12-30T15:29:53 IST" name="Login test" finished-at="2021-12-30T15:29:59 IST" duration-ms="5776">
      <class name="com.hrm.testcases.TestCases">
        <test-method is-config="true" signature="setup()[pri:0, instance:com.hrm.testcases.TestCases@64e7619d]" started-at="2021-12-30T15:29:43 IST" name="setup" finished-at="2021-12-30T15:29:53 IST" duration-ms="9751" status="PASS">
          <reporter-output>
          </reporter-output>
        </test-method> <!-- setup -->
        <test-method signature="loginpage()[pri:0, instance:com.hrm.testcases.TestCases@64e7619d]" started-at="2021-12-30T15:29:53 IST" name="loginpage" finished-at="2021-12-30T15:29:59 IST" duration-ms="5447" status="PASS">
          <reporter-output>
          </reporter-output>
        </test-method> <!-- loginpage -->
        <test-method is-config="true" signature="teardown()[pri:0, instance:com.hrm.testcases.TestCases@64e7619d]" started-at="2021-12-30T15:29:59 IST" name="teardown" finished-at="2021-12-30T15:30:00 IST" duration-ms="719" status="PASS">
          <reporter-output>
          </reporter-output>
        </test-method> <!-- teardown -->
      </class> <!-- com.hrm.testcases.TestCases -->
    </test> <!-- Login test -->
  </suite> <!-- Orange HRM -->
</testng-results>
